The target system is: Linux-CXX -  - 
The host system is: Linux - 4.2.0-27-generic - x86_64
Compiling the C compiler identification source file "CMakeCCompilerId.c" succeeded.
Compiler: /home/fyh/riscv/ri5cy_gnu_toolchain/install/bin/riscv32-unknown-elf-gcc 
Build flags: -O3;-m32;-g
Id flags: 

The output was:
0


Compilation of the C compiler identification source "CMakeCCompilerId.c" produced "a.out"

The C compiler identification is GNU, found in "/home/fyh/ann/sw/build/CMakeFiles/2.8.12.2/CompilerIdC/a.out"

Compiling the CXX compiler identification source file "CMakeCXXCompilerId.cpp" succeeded.
Compiler: /home/fyh/riscv/ri5cy_gnu_toolchain/install/bin/riscv32-unknown-elf-c++ 
Build flags: 
Id flags: 

The output was:
0


Compilation of the CXX compiler identification source "CMakeCXXCompilerId.cpp" produced "a.out"

The CXX compiler identification is GNU, found in "/home/fyh/ann/sw/build/CMakeFiles/2.8.12.2/CompilerIdCXX/a.out"

Determining if the C compiler works passed with the following output:
Change Dir: /home/fyh/ann/sw/build/CMakeFiles/CMakeTmp

Run Build Command:/usr/bin/make "cmTryCompileExec521161111/fast"
/usr/bin/make -f CMakeFiles/cmTryCompileExec521161111.dir/build.make CMakeFiles/cmTryCompileExec521161111.dir/build
make[1]: Entering directory `/home/fyh/ann/sw/build/CMakeFiles/CMakeTmp'
/usr/bin/cmake -E cmake_progress_report /home/fyh/ann/sw/build/CMakeFiles/CMakeTmp/CMakeFiles 1
Building C object CMakeFiles/cmTryCompileExec521161111.dir/testCCompiler.c.o
/home/fyh/riscv/ri5cy_gnu_toolchain/install/bin/riscv32-unknown-elf-gcc   -O3 -m32 -g    -o CMakeFiles/cmTryCompileExec521161111.dir/testCCompiler.c.o   -c /home/fyh/ann/sw/build/CMakeFiles/CMakeTmp/testCCompiler.c
Linking C executable cmTryCompileExec521161111
/usr/bin/cmake -E cmake_link_script CMakeFiles/cmTryCompileExec521161111.dir/link.txt --verbose=1
/home/fyh/riscv/ri5cy_gnu_toolchain/install/bin/riscv32-unknown-elf-gcc  -O3 -m32 -g     CMakeFiles/cmTryCompileExec521161111.dir/testCCompiler.c.o  -o cmTryCompileExec521161111  
make[1]: Leaving directory `/home/fyh/ann/sw/build/CMakeFiles/CMakeTmp'


Detecting C compiler ABI info compiled with the following output:
Change Dir: /home/fyh/ann/sw/build/CMakeFiles/CMakeTmp

Run Build Command:/usr/bin/make "cmTryCompileExec4047044400/fast"
/usr/bin/make -f CMakeFiles/cmTryCompileExec4047044400.dir/build.make CMakeFiles/cmTryCompileExec4047044400.dir/build
make[1]: Entering directory `/home/fyh/ann/sw/build/CMakeFiles/CMakeTmp'
/usr/bin/cmake -E cmake_progress_report /home/fyh/ann/sw/build/CMakeFiles/CMakeTmp/CMakeFiles 1
Building C object CMakeFiles/cmTryCompileExec4047044400.dir/CMakeCCompilerABI.c.o
/home/fyh/riscv/ri5cy_gnu_toolchain/install/bin/riscv32-unknown-elf-gcc   -O3 -m32 -g    -o CMakeFiles/cmTryCompileExec4047044400.dir/CMakeCCompilerABI.c.o   -c /usr/share/cmake-2.8/Modules/CMakeCCompilerABI.c
Linking C executable cmTryCompileExec4047044400
/usr/bin/cmake -E cmake_link_script CMakeFiles/cmTryCompileExec4047044400.dir/link.txt --verbose=1
/home/fyh/riscv/ri5cy_gnu_toolchain/install/bin/riscv32-unknown-elf-gcc  -O3 -m32 -g   -v CMakeFiles/cmTryCompileExec4047044400.dir/CMakeCCompilerABI.c.o  -o cmTryCompileExec4047044400   
Using built-in specs.
COLLECT_GCC=/home/fyh/riscv/ri5cy_gnu_toolchain/install/bin/riscv32-unknown-elf-gcc
COLLECT_LTO_WRAPPER=/home/fyh/riscv/ri5cy_gnu_toolchain/install/libexec/gcc/riscv32-unknown-elf/5.2.0/lto-wrapper
Target: riscv32-unknown-elf
Configured with: /home/fyh/riscv/ri5cy_gnu_toolchain/build/src/newlib-gcc/configure --target=riscv32-unknown-elf --prefix=/home/fyh/riscv/ri5cy_gnu_toolchain/install --disable-shared --disable-threads --enable-tls --enable-languages=c,c++ --with-newlib --disable-libmudflap --disable-libssp --disable-libquadmath --disable-libgomp --disable-nls --disable-multilib --with-arch=IM
Thread model: single
gcc version 5.2.0 (GCC) 
COMPILER_PATH=/home/fyh/riscv/ri5cy_gnu_toolchain/install/libexec/gcc/riscv32-unknown-elf/5.2.0/:/home/fyh/riscv/ri5cy_gnu_toolchain/install/libexec/gcc/riscv32-unknown-elf/5.2.0/:/home/fyh/riscv/ri5cy_gnu_toolchain/install/libexec/gcc/riscv32-unknown-elf/:/home/fyh/riscv/ri5cy_gnu_toolchain/install/lib/gcc/riscv32-unknown-elf/5.2.0/:/home/fyh/riscv/ri5cy_gnu_toolchain/install/lib/gcc/riscv32-unknown-elf/:/home/fyh/riscv/ri5cy_gnu_toolchain/install/lib/gcc/riscv32-unknown-elf/5.2.0/../../../../riscv32-unknown-elf/bin/
LIBRARY_PATH=/home/fyh/riscv/ri5cy_gnu_toolchain/install/lib/gcc/riscv32-unknown-elf/5.2.0/:/home/fyh/riscv/ri5cy_gnu_toolchain/install/lib/gcc/riscv32-unknown-elf/5.2.0/../../../../riscv32-unknown-elf/lib/
COLLECT_GCC_OPTIONS='-O3' '-m32' '-g' '-v' '-o' 'cmTryCompileExec4047044400' '-march=IM'
 /home/fyh/riscv/ri5cy_gnu_toolchain/install/libexec/gcc/riscv32-unknown-elf/5.2.0/collect2 -plugin /home/fyh/riscv/ri5cy_gnu_toolchain/install/libexec/gcc/riscv32-unknown-elf/5.2.0/liblto_plugin.so -plugin-opt=/home/fyh/riscv/ri5cy_gnu_toolchain/install/libexec/gcc/riscv32-unknown-elf/5.2.0/lto-wrapper -plugin-opt=-fresolution=/tmp/ccZg25lU.res -plugin-opt=-pass-through=-lgcc -plugin-opt=-pass-through=-lgcc -dT riscv.ld -melf32lriscv --march=IM -o cmTryCompileExec4047044400 /home/fyh/riscv/ri5cy_gnu_toolchain/install/lib/gcc/riscv32-unknown-elf/5.2.0/../../../../riscv32-unknown-elf/lib/crt0.o /home/fyh/riscv/ri5cy_gnu_toolchain/install/lib/gcc/riscv32-unknown-elf/5.2.0/crtbegin.o -L/home/fyh/riscv/ri5cy_gnu_toolchain/install/lib/gcc/riscv32-unknown-elf/5.2.0 -L/home/fyh/riscv/ri5cy_gnu_toolchain/install/lib/gcc/riscv32-unknown-elf/5.2.0/../../../../riscv32-unknown-elf/lib CMakeFiles/cmTryCompileExec4047044400.dir/CMakeCCompilerABI.c.o -lgcc -lgcc /home/fyh/riscv/ri5cy_gnu_toolchain/install/lib/gcc/riscv32-unknown-elf/5.2.0/crtend.o
make[1]: Leaving directory `/home/fyh/ann/sw/build/CMakeFiles/CMakeTmp'


Parsed C implicit link information from above output:
  link line regex: [^( *|.*[/\])(riscv32-unknown-elf-ld|([^/\]+-)?ld|collect2)[^/\]*( |$)]
  ignore line: [Change Dir: /home/fyh/ann/sw/build/CMakeFiles/CMakeTmp]
  ignore line: []
  ignore line: [Run Build Command:/usr/bin/make "cmTryCompileExec4047044400/fast"]
  ignore line: [/usr/bin/make -f CMakeFiles/cmTryCompileExec4047044400.dir/build.make CMakeFiles/cmTryCompileExec4047044400.dir/build]
  ignore line: [make[1]: Entering directory `/home/fyh/ann/sw/build/CMakeFiles/CMakeTmp']
  ignore line: [/usr/bin/cmake -E cmake_progress_report /home/fyh/ann/sw/build/CMakeFiles/CMakeTmp/CMakeFiles 1]
  ignore line: [Building C object CMakeFiles/cmTryCompileExec4047044400.dir/CMakeCCompilerABI.c.o]
  ignore line: [/home/fyh/riscv/ri5cy_gnu_toolchain/install/bin/riscv32-unknown-elf-gcc   -O3 -m32 -g    -o CMakeFiles/cmTryCompileExec4047044400.dir/CMakeCCompilerABI.c.o   -c /usr/share/cmake-2.8/Modules/CMakeCCompilerABI.c]
  ignore line: [Linking C executable cmTryCompileExec4047044400]
  ignore line: [/usr/bin/cmake -E cmake_link_script CMakeFiles/cmTryCompileExec4047044400.dir/link.txt --verbose=1]
  ignore line: [/home/fyh/riscv/ri5cy_gnu_toolchain/install/bin/riscv32-unknown-elf-gcc  -O3 -m32 -g   -v CMakeFiles/cmTryCompileExec4047044400.dir/CMakeCCompilerABI.c.o  -o cmTryCompileExec4047044400   ]
  ignore line: [Using built-in specs.]
  ignore line: [COLLECT_GCC=/home/fyh/riscv/ri5cy_gnu_toolchain/install/bin/riscv32-unknown-elf-gcc]
  ignore line: [COLLECT_LTO_WRAPPER=/home/fyh/riscv/ri5cy_gnu_toolchain/install/libexec/gcc/riscv32-unknown-elf/5.2.0/lto-wrapper]
  ignore line: [Target: riscv32-unknown-elf]
  ignore line: [Configured with: /home/fyh/riscv/ri5cy_gnu_toolchain/build/src/newlib-gcc/configure --target=riscv32-unknown-elf --prefix=/home/fyh/riscv/ri5cy_gnu_toolchain/install --disable-shared --disable-threads --enable-tls --enable-languages=c,c++ --with-newlib --disable-libmudflap --disable-libssp --disable-libquadmath --disable-libgomp --disable-nls --disable-multilib --with-arch=IM]
  ignore line: [Thread model: single]
  ignore line: [gcc version 5.2.0 (GCC) ]
  ignore line: [COMPILER_PATH=/home/fyh/riscv/ri5cy_gnu_toolchain/install/libexec/gcc/riscv32-unknown-elf/5.2.0/:/home/fyh/riscv/ri5cy_gnu_toolchain/install/libexec/gcc/riscv32-unknown-elf/5.2.0/:/home/fyh/riscv/ri5cy_gnu_toolchain/install/libexec/gcc/riscv32-unknown-elf/:/home/fyh/riscv/ri5cy_gnu_toolchain/install/lib/gcc/riscv32-unknown-elf/5.2.0/:/home/fyh/riscv/ri5cy_gnu_toolchain/install/lib/gcc/riscv32-unknown-elf/:/home/fyh/riscv/ri5cy_gnu_toolchain/install/lib/gcc/riscv32-unknown-elf/5.2.0/../../../../riscv32-unknown-elf/bin/]
  ignore line: [LIBRARY_PATH=/home/fyh/riscv/ri5cy_gnu_toolchain/install/lib/gcc/riscv32-unknown-elf/5.2.0/:/home/fyh/riscv/ri5cy_gnu_toolchain/install/lib/gcc/riscv32-unknown-elf/5.2.0/../../../../riscv32-unknown-elf/lib/]
  ignore line: [COLLECT_GCC_OPTIONS='-O3' '-m32' '-g' '-v' '-o' 'cmTryCompileExec4047044400' '-march=IM']
  link line: [ /home/fyh/riscv/ri5cy_gnu_toolchain/install/libexec/gcc/riscv32-unknown-elf/5.2.0/collect2 -plugin /home/fyh/riscv/ri5cy_gnu_toolchain/install/libexec/gcc/riscv32-unknown-elf/5.2.0/liblto_plugin.so -plugin-opt=/home/fyh/riscv/ri5cy_gnu_toolchain/install/libexec/gcc/riscv32-unknown-elf/5.2.0/lto-wrapper -plugin-opt=-fresolution=/tmp/ccZg25lU.res -plugin-opt=-pass-through=-lgcc -plugin-opt=-pass-through=-lgcc -dT riscv.ld -melf32lriscv --march=IM -o cmTryCompileExec4047044400 /home/fyh/riscv/ri5cy_gnu_toolchain/install/lib/gcc/riscv32-unknown-elf/5.2.0/../../../../riscv32-unknown-elf/lib/crt0.o /home/fyh/riscv/ri5cy_gnu_toolchain/install/lib/gcc/riscv32-unknown-elf/5.2.0/crtbegin.o -L/home/fyh/riscv/ri5cy_gnu_toolchain/install/lib/gcc/riscv32-unknown-elf/5.2.0 -L/home/fyh/riscv/ri5cy_gnu_toolchain/install/lib/gcc/riscv32-unknown-elf/5.2.0/../../../../riscv32-unknown-elf/lib CMakeFiles/cmTryCompileExec4047044400.dir/CMakeCCompilerABI.c.o -lgcc -lgcc /home/fyh/riscv/ri5cy_gnu_toolchain/install/lib/gcc/riscv32-unknown-elf/5.2.0/crtend.o]
    arg [/home/fyh/riscv/ri5cy_gnu_toolchain/install/libexec/gcc/riscv32-unknown-elf/5.2.0/collect2] ==> ignore
    arg [-plugin] ==> ignore
    arg [/home/fyh/riscv/ri5cy_gnu_toolchain/install/libexec/gcc/riscv32-unknown-elf/5.2.0/liblto_plugin.so] ==> ignore
    arg [-plugin-opt=/home/fyh/riscv/ri5cy_gnu_toolchain/install/libexec/gcc/riscv32-unknown-elf/5.2.0/lto-wrapper] ==> ignore
    arg [-plugin-opt=-fresolution=/tmp/ccZg25lU.res] ==> ignore
    arg [-plugin-opt=-pass-through=-lgcc] ==> ignore
    arg [-plugin-opt=-pass-through=-lgcc] ==> ignore
    arg [-dT] ==> ignore
    arg [riscv.ld] ==> ignore
    arg [-melf32lriscv] ==> ignore
    arg [--march=IM] ==> ignore
    arg [-o] ==> ignore
    arg [cmTryCompileExec4047044400] ==> ignore
    arg [/home/fyh/riscv/ri5cy_gnu_toolchain/install/lib/gcc/riscv32-unknown-elf/5.2.0/../../../../riscv32-unknown-elf/lib/crt0.o] ==> ignore
    arg [/home/fyh/riscv/ri5cy_gnu_toolchain/install/lib/gcc/riscv32-unknown-elf/5.2.0/crtbegin.o] ==> ignore
    arg [-L/home/fyh/riscv/ri5cy_gnu_toolchain/install/lib/gcc/riscv32-unknown-elf/5.2.0] ==> dir [/home/fyh/riscv/ri5cy_gnu_toolchain/install/lib/gcc/riscv32-unknown-elf/5.2.0]
    arg [-L/home/fyh/riscv/ri5cy_gnu_toolchain/install/lib/gcc/riscv32-unknown-elf/5.2.0/../../../../riscv32-unknown-elf/lib] ==> dir [/home/fyh/riscv/ri5cy_gnu_toolchain/install/lib/gcc/riscv32-unknown-elf/5.2.0/../../../../riscv32-unknown-elf/lib]
    arg [CMakeFiles/cmTryCompileExec4047044400.dir/CMakeCCompilerABI.c.o] ==> ignore
    arg [-lgcc] ==> lib [gcc]
    arg [-lgcc] ==> lib [gcc]
    arg [/home/fyh/riscv/ri5cy_gnu_toolchain/install/lib/gcc/riscv32-unknown-elf/5.2.0/crtend.o] ==> ignore
  remove lib [gcc]
  remove lib [gcc]
  collapse library dir [/home/fyh/riscv/ri5cy_gnu_toolchain/install/lib/gcc/riscv32-unknown-elf/5.2.0] ==> [/home/fyh/riscv/ri5cy_gnu_toolchain/install/lib/gcc/riscv32-unknown-elf/5.2.0]
  collapse library dir [/home/fyh/riscv/ri5cy_gnu_toolchain/install/lib/gcc/riscv32-unknown-elf/5.2.0/../../../../riscv32-unknown-elf/lib] ==> [/home/fyh/riscv/ri5cy_gnu_toolchain/install/riscv32-unknown-elf/lib]
  implicit libs: []
  implicit dirs: [/home/fyh/riscv/ri5cy_gnu_toolchain/install/lib/gcc/riscv32-unknown-elf/5.2.0;/home/fyh/riscv/ri5cy_gnu_toolchain/install/riscv32-unknown-elf/lib]
  implicit fwks: []


Determining if the CXX compiler works passed with the following output:
Change Dir: /home/fyh/ann/sw/build/CMakeFiles/CMakeTmp

Run Build Command:/usr/bin/make "cmTryCompileExec394705181/fast"
/usr/bin/make -f CMakeFiles/cmTryCompileExec394705181.dir/build.make CMakeFiles/cmTryCompileExec394705181.dir/build
make[1]: Entering directory `/home/fyh/ann/sw/build/CMakeFiles/CMakeTmp'
/usr/bin/cmake -E cmake_progress_report /home/fyh/ann/sw/build/CMakeFiles/CMakeTmp/CMakeFiles 1
Building CXX object CMakeFiles/cmTryCompileExec394705181.dir/testCXXCompiler.cxx.o
/home/fyh/riscv/ri5cy_gnu_toolchain/install/bin/riscv32-unknown-elf-c++     -o CMakeFiles/cmTryCompileExec394705181.dir/testCXXCompiler.cxx.o -c /home/fyh/ann/sw/build/CMakeFiles/CMakeTmp/testCXXCompiler.cxx
Linking CXX executable cmTryCompileExec394705181
/usr/bin/cmake -E cmake_link_script CMakeFiles/cmTryCompileExec394705181.dir/link.txt --verbose=1
/home/fyh/riscv/ri5cy_gnu_toolchain/install/bin/riscv32-unknown-elf-c++        CMakeFiles/cmTryCompileExec394705181.dir/testCXXCompiler.cxx.o  -o cmTryCompileExec394705181  
make[1]: Leaving directory `/home/fyh/ann/sw/build/CMakeFiles/CMakeTmp'


Detecting CXX compiler ABI info compiled with the following output:
Change Dir: /home/fyh/ann/sw/build/CMakeFiles/CMakeTmp

Run Build Command:/usr/bin/make "cmTryCompileExec3060377800/fast"
/usr/bin/make -f CMakeFiles/cmTryCompileExec3060377800.dir/build.make CMakeFiles/cmTryCompileExec3060377800.dir/build
make[1]: Entering directory `/home/fyh/ann/sw/build/CMakeFiles/CMakeTmp'
/usr/bin/cmake -E cmake_progress_report /home/fyh/ann/sw/build/CMakeFiles/CMakeTmp/CMakeFiles 1
Building CXX object CMakeFiles/cmTryCompileExec3060377800.dir/CMakeCXXCompilerABI.cpp.o
/home/fyh/riscv/ri5cy_gnu_toolchain/install/bin/riscv32-unknown-elf-c++     -o CMakeFiles/cmTryCompileExec3060377800.dir/CMakeCXXCompilerABI.cpp.o -c /usr/share/cmake-2.8/Modules/CMakeCXXCompilerABI.cpp
Linking CXX executable cmTryCompileExec3060377800
/usr/bin/cmake -E cmake_link_script CMakeFiles/cmTryCompileExec3060377800.dir/link.txt --verbose=1
/home/fyh/riscv/ri5cy_gnu_toolchain/install/bin/riscv32-unknown-elf-c++      -v CMakeFiles/cmTryCompileExec3060377800.dir/CMakeCXXCompilerABI.cpp.o  -o cmTryCompileExec3060377800   
Using built-in specs.
COLLECT_GCC=/home/fyh/riscv/ri5cy_gnu_toolchain/install/bin/riscv32-unknown-elf-c++
COLLECT_LTO_WRAPPER=/home/fyh/riscv/ri5cy_gnu_toolchain/install/libexec/gcc/riscv32-unknown-elf/5.2.0/lto-wrapper
Target: riscv32-unknown-elf
Configured with: /home/fyh/riscv/ri5cy_gnu_toolchain/build/src/newlib-gcc/configure --target=riscv32-unknown-elf --prefix=/home/fyh/riscv/ri5cy_gnu_toolchain/install --disable-shared --disable-threads --enable-tls --enable-languages=c,c++ --with-newlib --disable-libmudflap --disable-libssp --disable-libquadmath --disable-libgomp --disable-nls --disable-multilib --with-arch=IM
Thread model: single
gcc version 5.2.0 (GCC) 
COMPILER_PATH=/home/fyh/riscv/ri5cy_gnu_toolchain/install/libexec/gcc/riscv32-unknown-elf/5.2.0/:/home/fyh/riscv/ri5cy_gnu_toolchain/install/libexec/gcc/riscv32-unknown-elf/5.2.0/:/home/fyh/riscv/ri5cy_gnu_toolchain/install/libexec/gcc/riscv32-unknown-elf/:/home/fyh/riscv/ri5cy_gnu_toolchain/install/lib/gcc/riscv32-unknown-elf/5.2.0/:/home/fyh/riscv/ri5cy_gnu_toolchain/install/lib/gcc/riscv32-unknown-elf/:/home/fyh/riscv/ri5cy_gnu_toolchain/install/lib/gcc/riscv32-unknown-elf/5.2.0/../../../../riscv32-unknown-elf/bin/
LIBRARY_PATH=/home/fyh/riscv/ri5cy_gnu_toolchain/install/lib/gcc/riscv32-unknown-elf/5.2.0/:/home/fyh/riscv/ri5cy_gnu_toolchain/install/lib/gcc/riscv32-unknown-elf/5.2.0/../../../../riscv32-unknown-elf/lib/
COLLECT_GCC_OPTIONS='-v' '-o' 'cmTryCompileExec3060377800' '-march=IM'
 /home/fyh/riscv/ri5cy_gnu_toolchain/install/libexec/gcc/riscv32-unknown-elf/5.2.0/collect2 -plugin /home/fyh/riscv/ri5cy_gnu_toolchain/install/libexec/gcc/riscv32-unknown-elf/5.2.0/liblto_plugin.so -plugin-opt=/home/fyh/riscv/ri5cy_gnu_toolchain/install/libexec/gcc/riscv32-unknown-elf/5.2.0/lto-wrapper -plugin-opt=-fresolution=/tmp/ccmdJ62Z.res -plugin-opt=-pass-through=-lgcc -plugin-opt=-pass-through=-lgcc -dT riscv.ld --march=IM -o cmTryCompileExec3060377800 /home/fyh/riscv/ri5cy_gnu_toolchain/install/lib/gcc/riscv32-unknown-elf/5.2.0/../../../../riscv32-unknown-elf/lib/crt0.o /home/fyh/riscv/ri5cy_gnu_toolchain/install/lib/gcc/riscv32-unknown-elf/5.2.0/crtbegin.o -L/home/fyh/riscv/ri5cy_gnu_toolchain/install/lib/gcc/riscv32-unknown-elf/5.2.0 -L/home/fyh/riscv/ri5cy_gnu_toolchain/install/lib/gcc/riscv32-unknown-elf/5.2.0/../../../../riscv32-unknown-elf/lib CMakeFiles/cmTryCompileExec3060377800.dir/CMakeCXXCompilerABI.cpp.o -lstdc++ -lm -lgcc -lgcc /home/fyh/riscv/ri5cy_gnu_toolchain/install/lib/gcc/riscv32-unknown-elf/5.2.0/crtend.o
make[1]: Leaving directory `/home/fyh/ann/sw/build/CMakeFiles/CMakeTmp'


Parsed CXX implicit link information from above output:
  link line regex: [^( *|.*[/\])(riscv32-unknown-elf-ld|([^/\]+-)?ld|collect2)[^/\]*( |$)]
  ignore line: [Change Dir: /home/fyh/ann/sw/build/CMakeFiles/CMakeTmp]
  ignore line: []
  ignore line: [Run Build Command:/usr/bin/make "cmTryCompileExec3060377800/fast"]
  ignore line: [/usr/bin/make -f CMakeFiles/cmTryCompileExec3060377800.dir/build.make CMakeFiles/cmTryCompileExec3060377800.dir/build]
  ignore line: [make[1]: Entering directory `/home/fyh/ann/sw/build/CMakeFiles/CMakeTmp']
  ignore line: [/usr/bin/cmake -E cmake_progress_report /home/fyh/ann/sw/build/CMakeFiles/CMakeTmp/CMakeFiles 1]
  ignore line: [Building CXX object CMakeFiles/cmTryCompileExec3060377800.dir/CMakeCXXCompilerABI.cpp.o]
  ignore line: [/home/fyh/riscv/ri5cy_gnu_toolchain/install/bin/riscv32-unknown-elf-c++     -o CMakeFiles/cmTryCompileExec3060377800.dir/CMakeCXXCompilerABI.cpp.o -c /usr/share/cmake-2.8/Modules/CMakeCXXCompilerABI.cpp]
  ignore line: [Linking CXX executable cmTryCompileExec3060377800]
  ignore line: [/usr/bin/cmake -E cmake_link_script CMakeFiles/cmTryCompileExec3060377800.dir/link.txt --verbose=1]
  ignore line: [/home/fyh/riscv/ri5cy_gnu_toolchain/install/bin/riscv32-unknown-elf-c++      -v CMakeFiles/cmTryCompileExec3060377800.dir/CMakeCXXCompilerABI.cpp.o  -o cmTryCompileExec3060377800   ]
  ignore line: [Using built-in specs.]
  ignore line: [COLLECT_GCC=/home/fyh/riscv/ri5cy_gnu_toolchain/install/bin/riscv32-unknown-elf-c++]
  ignore line: [COLLECT_LTO_WRAPPER=/home/fyh/riscv/ri5cy_gnu_toolchain/install/libexec/gcc/riscv32-unknown-elf/5.2.0/lto-wrapper]
  ignore line: [Target: riscv32-unknown-elf]
  ignore line: [Configured with: /home/fyh/riscv/ri5cy_gnu_toolchain/build/src/newlib-gcc/configure --target=riscv32-unknown-elf --prefix=/home/fyh/riscv/ri5cy_gnu_toolchain/install --disable-shared --disable-threads --enable-tls --enable-languages=c,c++ --with-newlib --disable-libmudflap --disable-libssp --disable-libquadmath --disable-libgomp --disable-nls --disable-multilib --with-arch=IM]
  ignore line: [Thread model: single]
  ignore line: [gcc version 5.2.0 (GCC) ]
  ignore line: [COMPILER_PATH=/home/fyh/riscv/ri5cy_gnu_toolchain/install/libexec/gcc/riscv32-unknown-elf/5.2.0/:/home/fyh/riscv/ri5cy_gnu_toolchain/install/libexec/gcc/riscv32-unknown-elf/5.2.0/:/home/fyh/riscv/ri5cy_gnu_toolchain/install/libexec/gcc/riscv32-unknown-elf/:/home/fyh/riscv/ri5cy_gnu_toolchain/install/lib/gcc/riscv32-unknown-elf/5.2.0/:/home/fyh/riscv/ri5cy_gnu_toolchain/install/lib/gcc/riscv32-unknown-elf/:/home/fyh/riscv/ri5cy_gnu_toolchain/install/lib/gcc/riscv32-unknown-elf/5.2.0/../../../../riscv32-unknown-elf/bin/]
  ignore line: [LIBRARY_PATH=/home/fyh/riscv/ri5cy_gnu_toolchain/install/lib/gcc/riscv32-unknown-elf/5.2.0/:/home/fyh/riscv/ri5cy_gnu_toolchain/install/lib/gcc/riscv32-unknown-elf/5.2.0/../../../../riscv32-unknown-elf/lib/]
  ignore line: [COLLECT_GCC_OPTIONS='-v' '-o' 'cmTryCompileExec3060377800' '-march=IM']
  link line: [ /home/fyh/riscv/ri5cy_gnu_toolchain/install/libexec/gcc/riscv32-unknown-elf/5.2.0/collect2 -plugin /home/fyh/riscv/ri5cy_gnu_toolchain/install/libexec/gcc/riscv32-unknown-elf/5.2.0/liblto_plugin.so -plugin-opt=/home/fyh/riscv/ri5cy_gnu_toolchain/install/libexec/gcc/riscv32-unknown-elf/5.2.0/lto-wrapper -plugin-opt=-fresolution=/tmp/ccmdJ62Z.res -plugin-opt=-pass-through=-lgcc -plugin-opt=-pass-through=-lgcc -dT riscv.ld --march=IM -o cmTryCompileExec3060377800 /home/fyh/riscv/ri5cy_gnu_toolchain/install/lib/gcc/riscv32-unknown-elf/5.2.0/../../../../riscv32-unknown-elf/lib/crt0.o /home/fyh/riscv/ri5cy_gnu_toolchain/install/lib/gcc/riscv32-unknown-elf/5.2.0/crtbegin.o -L/home/fyh/riscv/ri5cy_gnu_toolchain/install/lib/gcc/riscv32-unknown-elf/5.2.0 -L/home/fyh/riscv/ri5cy_gnu_toolchain/install/lib/gcc/riscv32-unknown-elf/5.2.0/../../../../riscv32-unknown-elf/lib CMakeFiles/cmTryCompileExec3060377800.dir/CMakeCXXCompilerABI.cpp.o -lstdc++ -lm -lgcc -lgcc /home/fyh/riscv/ri5cy_gnu_toolchain/install/lib/gcc/riscv32-unknown-elf/5.2.0/crtend.o]
    arg [/home/fyh/riscv/ri5cy_gnu_toolchain/install/libexec/gcc/riscv32-unknown-elf/5.2.0/collect2] ==> ignore
    arg [-plugin] ==> ignore
    arg [/home/fyh/riscv/ri5cy_gnu_toolchain/install/libexec/gcc/riscv32-unknown-elf/5.2.0/liblto_plugin.so] ==> ignore
    arg [-plugin-opt=/home/fyh/riscv/ri5cy_gnu_toolchain/install/libexec/gcc/riscv32-unknown-elf/5.2.0/lto-wrapper] ==> ignore
    arg [-plugin-opt=-fresolution=/tmp/ccmdJ62Z.res] ==> ignore
    arg [-plugin-opt=-pass-through=-lgcc] ==> ignore
    arg [-plugin-opt=-pass-through=-lgcc] ==> ignore
    arg [-dT] ==> ignore
    arg [riscv.ld] ==> ignore
    arg [--march=IM] ==> ignore
    arg [-o] ==> ignore
    arg [cmTryCompileExec3060377800] ==> ignore
    arg [/home/fyh/riscv/ri5cy_gnu_toolchain/install/lib/gcc/riscv32-unknown-elf/5.2.0/../../../../riscv32-unknown-elf/lib/crt0.o] ==> ignore
    arg [/home/fyh/riscv/ri5cy_gnu_toolchain/install/lib/gcc/riscv32-unknown-elf/5.2.0/crtbegin.o] ==> ignore
    arg [-L/home/fyh/riscv/ri5cy_gnu_toolchain/install/lib/gcc/riscv32-unknown-elf/5.2.0] ==> dir [/home/fyh/riscv/ri5cy_gnu_toolchain/install/lib/gcc/riscv32-unknown-elf/5.2.0]
    arg [-L/home/fyh/riscv/ri5cy_gnu_toolchain/install/lib/gcc/riscv32-unknown-elf/5.2.0/../../../../riscv32-unknown-elf/lib] ==> dir [/home/fyh/riscv/ri5cy_gnu_toolchain/install/lib/gcc/riscv32-unknown-elf/5.2.0/../../../../riscv32-unknown-elf/lib]
    arg [CMakeFiles/cmTryCompileExec3060377800.dir/CMakeCXXCompilerABI.cpp.o] ==> ignore
    arg [-lstdc++] ==> lib [stdc++]
    arg [-lm] ==> lib [m]
    arg [-lgcc] ==> lib [gcc]
    arg [-lgcc] ==> lib [gcc]
    arg [/home/fyh/riscv/ri5cy_gnu_toolchain/install/lib/gcc/riscv32-unknown-elf/5.2.0/crtend.o] ==> ignore
  remove lib [gcc]
  remove lib [gcc]
  collapse library dir [/home/fyh/riscv/ri5cy_gnu_toolchain/install/lib/gcc/riscv32-unknown-elf/5.2.0] ==> [/home/fyh/riscv/ri5cy_gnu_toolchain/install/lib/gcc/riscv32-unknown-elf/5.2.0]
  collapse library dir [/home/fyh/riscv/ri5cy_gnu_toolchain/install/lib/gcc/riscv32-unknown-elf/5.2.0/../../../../riscv32-unknown-elf/lib] ==> [/home/fyh/riscv/ri5cy_gnu_toolchain/install/riscv32-unknown-elf/lib]
  implicit libs: [stdc++;m]
  implicit dirs: [/home/fyh/riscv/ri5cy_gnu_toolchain/install/lib/gcc/riscv32-unknown-elf/5.2.0;/home/fyh/riscv/ri5cy_gnu_toolchain/install/riscv32-unknown-elf/lib]
  implicit fwks: []


